<?xml version="1.0" encoding="UTF-8"?>
<!-- Generated by org.testng.reporters.JUnitXMLReporter -->
<testsuite ignored="0" hostname="EPUALVIW0A51" failures="0" tests="1" name="NegativePasswordTest-CH" time="0.012" errors="0" timestamp="2022-01-25T17:12:33 EET">
  <testcase classname="com.sorcescrub.base.BaseTest" name="@BeforeMethod setUp" time="0.004">
    <failure type="java.lang.IllegalStateException" message="The driver executable must exist: C:\Users\Ruslan_Martyniv\eclipse-workspace\AQA1.zip_expanded\sourcescrub-new\src\main\resources\chromedriver">
      <![CDATA[java.lang.IllegalStateException: The driver executable must exist: C:\Users\Ruslan_Martyniv\eclipse-workspace\AQA1.zip_expanded\sourcescrub-new\src\main\resources\chromedriver
at org.openqa.selenium.internal.Require$FileStateChecker.isFile(Require.java:315)
at org.openqa.selenium.remote.service.DriverService.checkExecutable(DriverService.java:147)
at org.openqa.selenium.remote.service.DriverService.findExecutable(DriverService.java:142)
at org.openqa.selenium.chrome.ChromeDriverService.access$000(ChromeDriverService.java:38)
at org.openqa.selenium.chrome.ChromeDriverService$Builder.findDefaultExecutable(ChromeDriverService.java:231)
at org.openqa.selenium.remote.service.DriverService$Builder.build(DriverService.java:437)
at org.openqa.selenium.chrome.ChromeDriverService.createDefaultService(ChromeDriverService.java:127)
at org.openqa.selenium.chrome.ChromeDriver.<init>(ChromeDriver.java:46)
at com.sorcescrub.base.BrowserDriverFactory.createDriver(BrowserDriverFactory.java:26)
at com.sorcescrub.base.BaseTest.setUp(BaseTest.java:24)
at java.base/java.util.ArrayList.forEach(ArrayList.java:1511)
... Removed 31 stack frames]]>
    </failure>
  </testcase> <!-- @BeforeMethod setUp -->
  <testcase classname="com.sorcescrub.base.BaseTest" name="@AfterMethod tearDown" time="0.001">
    <failure type="java.lang.NullPointerException" message="Cannot invoke &amp;quot;org.openqa.selenium.WebDriver.quit()&amp;quot; because &amp;quot;this.driver&amp;quot; is null">
      <![CDATA[java.lang.NullPointerException: Cannot invoke "org.openqa.selenium.WebDriver.quit()" because "this.driver" is null
at com.sorcescrub.base.BaseTest.tearDown(BaseTest.java:33)
at java.base/java.util.ArrayList.forEach(ArrayList.java:1511)
... Removed 32 stack frames]]>
    </failure>
  </testcase> <!-- @AfterMethod tearDown -->
  <testcase classname="com.sourcescrub.dev.NegativLoginTests" name="negativeLogIn" time="0.0">
    <skipped/>
  </testcase> <!-- negativeLogIn -->
</testsuite> <!-- NegativePasswordTest-CH -->
